Arguments: 
  C:\Program Files (x86)\nodejs\node.exe C:\Program Files (x86)\Yarn\bin\yarn.js login

PATH: 
  C:\Users\Even\bin;C:\Program Files\Git\mingw64\bin;C:\Program Files\Git\usr\local\bin;C:\Program Files\Git\usr\bin;C:\Program Files\Git\usr\bin;C:\Program Files\Git\mingw64\bin;C:\Program Files\Git\usr\bin;C:\Users\Even\bin;C:\Program Files (x86)\Common Files\Oracle\Java\javapath;C:\Program Files\Java\jdk;C:\Program Files\Java\jdk;C:\Program Files\Java\jdk\bin;C:\Program Files (x86)\Java\jre1.8.0_91;C:\Program Files (x86)\Java\jdk1.8.0_91\bin;C:\Program Files\Java;C:\ProgramData\Oracle\Java\javapath;C:\Windows\system32;C:\Windows;C:\Windows\System32\Wbem;C:\Windows\System32\WindowsPowerShell\v1.0;C:\Program Files (x86)\NVIDIA Corporation\PhysX\Common;C:\php;C:\Apache24;C:\Apache24\bin;C:\ProgramData\ComposerSetup\bin;C:\Program Files\Microsoft SQL Server\130\Tools\Binn;C:\Program Files\Git\cmd;C:\Program Files\MATLAB\R2016a\runtime\win64;C:\Program Files\MATLAB\R2016a\bin;C:\MinGW\bin;C:\MinGW\msys\1.0\bin;C:\Program Files (x86)\Windows Kits\8.1\Windows Performance Toolkit;C:\Program Files\Microsoft SQL Server\110\Tools\Binn;C:\Program Files (x86)\Microsoft SDKs\TypeScript\1.0;C:\Users\Even\Documents\cef\NEW CEF\depot_tools;C:\WINDOWS\system32;C:\WINDOWS;C:\WINDOWS\System32\Wbem;C:\WINDOWS\System32\WindowsPowerShell\v1.0;C:\Python27;C:\Go\bin;C:\Program Files\PuTTY;C:\Program Files (x86)\Windows Kits\10\Windows Performance Toolkit;C:\WINDOWS\system32;C:\WINDOWS;C:\WINDOWS\System32\Wbem;C:\WINDOWS\System32\WindowsPowerShell\v1.0;C:\WINDOWS\System32\OpenSSH;C:\Program Files (x86)\Microsoft VS Code\bin;C:\Program Files\NVIDIA Corporation\NVIDIA NvDLISR;C:\Program Files (x86)\Yarn\bin;C:\Program Files (x86)\nodejs;C:\Program Files (x86)\Java\jdk1.8.0_91\bin;C:\Users\Even\AppData\Roaming\Composer\vendor\bin;C:\MinGW\bin;C:\Program Files (x86)\Microsoft Visual Studio 14.0\VC\bin;C:\Users\Even\Documents\cef\NEW CEF\depot_tools;C:\Users\Even\AppData\Local\Microsoft\WindowsApps;C:\Program Files (x86)\Microsoft VS Code\bin;C:\Python27;C:\Users\Even\AppData\Local\Programs\Fiddler;C:\Users\Even\AppData\Local\Microsoft\WindowsApps;C:\Program Files (x86)\Microsoft DirectX SDK (June 2010);C:\Qt\5.10.0\msvc2017_64\lib;C:\Qt\5.10.0\msvc2017_64\bin;C:\Users\Even\AppData\Local\atom\bin;C:\Users\Even\AppData\Local\Yarn\bin;C:\Users\Even\AppData\Roaming\npm;C:\Program Files\Git\usr\bin\vendor_perl;C:\Program Files\Git\usr\bin\core_perl

Yarn version: 
  1.17.3

Node version: 
  10.16.3

Platform: 
  win32 ia32

Trace: 
  Error: canceled
      at Interface.<anonymous> (C:\Program Files (x86)\Yarn\lib\cli.js:136724:13)
      at Interface.emit (events.js:198:13)
      at Interface._ttyWrite (readline.js:801:16)
      at ReadStream.onkeypress (readline.js:184:10)
      at ReadStream.emit (events.js:198:13)
      at emitKeys (internal/readline.js:424:14)
      at emitKeys.next (<anonymous>)
      at ReadStream.onData (readline.js:1075:36)
      at ReadStream.emit (events.js:198:13)
      at addChunk (_stream_readable.js:288:12)

npm manifest: 
  {
    "name": "node-simconnect",
    "version": "1.3.0",
    "description": "Wrapper for the SimConnect SDK for Flight Simulator X and Prepar3D (Windows only)",
    "main": "index.js",
    "scripts": {
      "build": "node-gyp configure rebuild --msvs_version=2015 --arch=ia32",
      "install": "node-gyp rebuild",
      "test": "echo \"Error: no test specified\" && exit 1"
    },
    "author": "Even Arneberg Rognlien",
    "license": "MIT",
    "gypfile": false,
    "dependencies": {
      "nan": "^2.6.2"
    },
    "directories": {
      "example": "examples"
    },
    "devDependencies": {},
    "repository": {
      "type": "git",
      "url": "git+https://github.com/EvenAR/node-simconnect.git"
    },
    "keywords": [
      "FSX",
      "P3D",
      "SDK",
      "SimConnect",
      "Prepar3D",
      "FlightSimulator",
      "Simulator"
    ],
    "bugs": {
      "url": "https://github.com/EvenAR/node-simconnect/issues"
    },
    "homepage": "https://github.com/EvenAR/node-simconnect#readme"
  }

yarn manifest: 
  No manifest

Lockfile: 
  No lockfile
