Build started 29.05.2017 20.33.54.
     1>Project "C:\Users\Even\Documents\VNPCv2\node-simconnect\build\node-simconnect.vcxproj" on node 2 (Rebuild target(s)).
     1>ClCompile:
         C:\Program Files (x86)\Microsoft Visual Studio 12.0\VC\bin\amd64_x86\CL.exe /c /I"C:\Users\Even\.node-gyp\7.10.0\include\node" /I"C:\Users\Even\.node-gyp\7.10.0\src" /I"C:\Users\Even\.node-gyp\7.10.0\deps\uv\include" /I"C:\Users\Even\.node-gyp\7.10.0\deps\v8\include" /I..\SimConnect\Inc /I..\node_modules\nan /Zi /nologo /W3 /WX- /Od /Oy- /D "NODE_GYP_MODULE_NAME=node-simconnect" /D USING_UV_SHARED=1 /D USING_V8_SHARED=1 /D V8_DEPRECATION_WARNINGS=1 /D WIN32 /D _CRT_SECURE_NO_DEPRECATE /D _CRT_NONSTDC_NO_DEPRECATE /D _HAS_EXCEPTIONS=0 /D BUILDING_NODE_EXTENSION /D DEBUG /D _DEBUG /D _WINDLL /GF /Gm- /RTC1 /MDd /GS /fp:precise /Zc:wchar_t /Zc:forScope /Fo"Debug\obj\node-simconnect\\" /Fd"Debug\obj\node-simconnect\vc120.pdb" /Gd /TP /wd4267 /wd4351 /wd4355 /wd4800 /wd4251 /analyze- /errorReport:prompt ..\addon.cc "C:\Users\Even\AppData\Roaming\npm\node_modules\node-gyp\src\win_delay_load_hook.cc"
         addon.cc
     1>..\addon.cc(295): warning C4018: '<' : signed/unsigned mismatch
     1>..\addon.cc(318): warning C4244: 'argument' : conversion from 'double' to 'float', possible loss of data
     1>..\addon.cc(321): warning C4244: '=' : conversion from 'int32_t' to 'float', possible loss of data
     1>..\addon.cc(322): warning C4244: 'argument' : conversion from 'float' to 'DWORD', possible loss of data
     1>..\addon.cc(322): warning C4244: 'argument' : conversion from 'double' to 'float', possible loss of data
         win_delay_load_hook.cc
         Generating Code...
       Link:
         C:\Program Files (x86)\Microsoft Visual Studio 12.0\VC\bin\amd64_x86\link.exe /ERRORREPORT:PROMPT /OUT:"C:\Users\Even\Documents\VNPCv2\node-simconnect\build\Debug\node-simconnect.node" /INCREMENTAL /NOLOGO kernel32.lib user32.lib gdi32.lib winspool.lib comdlg32.lib advapi32.lib shell32.lib ole32.lib oleaut32.lib uuid.lib odbc32.lib DelayImp.lib "C:\Users\Even\.node-gyp\7.10.0\Debug\node.lib" ..\SimConnect\lib\SimConnect.lib Delayimp.lib /DELAYLOAD:iojs.exe /DELAYLOAD:node.exe /MANIFEST /MANIFESTUAC:"level='asInvoker' uiAccess='false'" /manifest:embed /DEBUG /PDB:"C:\Users\Even\Documents\VNPCv2\node-simconnect\build\Debug\node-simconnect.pdb" /MAP /MAPINFO:EXPORTS /TLBID:1 /DYNAMICBASE /NXCOMPAT /MACHINE:X86 /SAFESEH /ignore:4199 /DLL "Debug\obj\node-simconnect\addon.obj"
         "Debug\obj\node-simconnect\win_delay_load_hook.obj"
            Creating library C:\Users\Even\Documents\VNPCv2\node-simconnect\build\Debug\node-simconnect.lib and object C:\Users\Even\Documents\VNPCv2\node-simconnect\build\Debug\node-simconnect.exp
         node-simconnect.vcxproj -> C:\Users\Even\Documents\VNPCv2\node-simconnect\build\Debug\\node-simconnect.node
     1>Done Building Project "C:\Users\Even\Documents\VNPCv2\node-simconnect\build\node-simconnect.vcxproj" (Rebuild target(s)).

Build succeeded.

Time Elapsed 00:00:01.16
